[2015-11-07 14:16:05] myapp.INFO: Matched route "GET_login". {"route_parameters":{"_controller":"[object] (Closure: {})","_route":"GET_login"},"request_uri":"http://localhost/november/login"} []
[2015-11-07 14:16:05] myapp.INFO: > GET /november/login [] []
[2015-11-07 14:16:05] myapp.INFO: < 200 [] []
[2015-11-07 14:16:07] myapp.ERROR: Symfony\Component\HttpKernel\Exception\MethodNotAllowedHttpException: No route found for "POST /login": Method Not Allowed (Allow: GET) (uncaught exception) at /var/www/html/november/vendor/symfony/http-kernel/EventListener/RouterListener.php line 163 {"exception":"[object] (Symfony\\Component\\HttpKernel\\Exception\\MethodNotAllowedHttpException(code: 0): No route found for \"POST /login\": Method Not Allowed (Allow: GET) at /var/www/html/november/vendor/symfony/http-kernel/EventListener/RouterListener.php:163, Symfony\\Component\\Routing\\Exception\\MethodNotAllowedException(code: 0):  at /var/www/html/november/vendor/symfony/routing/Matcher/UrlMatcher.php:97)"} []
[2015-11-07 14:16:07] myapp.INFO: < 405 [] []
[2015-11-07 14:17:19] myapp.INFO: Matched route "GET_login". {"route_parameters":{"_controller":"[object] (Closure: {})","_route":"GET_login"},"request_uri":"http://localhost/november/login"} []
[2015-11-07 14:17:19] myapp.INFO: > GET /november/login [] []
[2015-11-07 14:17:19] myapp.INFO: < 200 [] []
[2015-11-07 14:17:22] myapp.ERROR: Symfony\Component\HttpKernel\Exception\MethodNotAllowedHttpException: No route found for "POST /login": Method Not Allowed (Allow: GET) (uncaught exception) at /var/www/html/november/vendor/symfony/http-kernel/EventListener/RouterListener.php line 163 {"exception":"[object] (Symfony\\Component\\HttpKernel\\Exception\\MethodNotAllowedHttpException(code: 0): No route found for \"POST /login\": Method Not Allowed (Allow: GET) at /var/www/html/november/vendor/symfony/http-kernel/EventListener/RouterListener.php:163, Symfony\\Component\\Routing\\Exception\\MethodNotAllowedException(code: 0):  at /var/www/html/november/vendor/symfony/routing/Matcher/UrlMatcher.php:97)"} []
[2015-11-07 14:17:22] myapp.INFO: < 405 [] []
[2015-11-07 14:17:40] myapp.INFO: Matched route "GET_login". {"route_parameters":{"_controller":"[object] (Closure: {})","_route":"GET_login"},"request_uri":"http://localhost/november/login"} []
[2015-11-07 14:17:40] myapp.INFO: > GET /november/login [] []
[2015-11-07 14:17:40] myapp.INFO: < 200 [] []
[2015-11-07 14:17:43] myapp.ERROR: Symfony\Component\HttpKernel\Exception\MethodNotAllowedHttpException: No route found for "POST /login": Method Not Allowed (Allow: GET) (uncaught exception) at /var/www/html/november/vendor/symfony/http-kernel/EventListener/RouterListener.php line 163 {"exception":"[object] (Symfony\\Component\\HttpKernel\\Exception\\MethodNotAllowedHttpException(code: 0): No route found for \"POST /login\": Method Not Allowed (Allow: GET) at /var/www/html/november/vendor/symfony/http-kernel/EventListener/RouterListener.php:163, Symfony\\Component\\Routing\\Exception\\MethodNotAllowedException(code: 0):  at /var/www/html/november/vendor/symfony/routing/Matcher/UrlMatcher.php:97)"} []
[2015-11-07 14:17:43] myapp.INFO: < 405 [] []
[2015-11-07 14:18:07] myapp.INFO: Matched route "GET_login". {"route_parameters":{"_controller":"[object] (Closure: {})","_route":"GET_login"},"request_uri":"http://localhost/november/login"} []
[2015-11-07 14:18:07] myapp.INFO: > GET /november/login [] []
[2015-11-07 14:18:07] myapp.INFO: < 200 [] []
[2015-11-07 14:18:11] myapp.INFO: Matched route "POST_login". {"route_parameters":{"_controller":"[object] (Closure: {})","_route":"POST_login"},"request_uri":"http://localhost/november/login"} []
[2015-11-07 14:18:11] myapp.INFO: > POST /november/login [] []
[2015-11-07 14:18:11] myapp.CRITICAL: Twig_Error_Runtime: Variable "title" does not exist in "index.html.twig" at line 3 (uncaught exception) at /var/www/html/november/vendor/twig/twig/lib/Twig/Template.php line 436 {"exception":"[object] (Twig_Error_Runtime(code: 0): Variable \"title\" does not exist in \"index.html.twig\" at line 3 at /var/www/html/november/vendor/twig/twig/lib/Twig/Template.php:436)"} []
[2015-11-07 14:18:11] myapp.INFO: < 500 [] []
[2015-11-07 14:18:36] myapp.INFO: Matched route "GET_login". {"route_parameters":{"_controller":"[object] (Closure: {})","_route":"GET_login"},"request_uri":"http://localhost/november/login"} []
[2015-11-07 14:18:36] myapp.INFO: > GET /november/login [] []
[2015-11-07 14:18:36] myapp.INFO: < 200 [] []
[2015-11-07 14:18:39] myapp.INFO: Matched route "POST_login". {"route_parameters":{"_controller":"[object] (Closure: {})","_route":"POST_login"},"request_uri":"http://localhost/november/login"} []
[2015-11-07 14:18:39] myapp.INFO: > POST /november/login [] []
[2015-11-07 14:18:39] myapp.CRITICAL: Twig_Error_Runtime: Variable "posts" does not exist in "index.html.twig" at line 20 (uncaught exception) at /var/www/html/november/vendor/twig/twig/lib/Twig/Template.php line 436 {"exception":"[object] (Twig_Error_Runtime(code: 0): Variable \"posts\" does not exist in \"index.html.twig\" at line 20 at /var/www/html/november/vendor/twig/twig/lib/Twig/Template.php:436)"} []
[2015-11-07 14:18:39] myapp.INFO: < 500 [] []
[2015-11-07 14:19:09] myapp.INFO: Matched route "GET_login". {"route_parameters":{"_controller":"[object] (Closure: {})","_route":"GET_login"},"request_uri":"http://localhost/november/login"} []
[2015-11-07 14:19:09] myapp.INFO: > GET /november/login [] []
[2015-11-07 14:19:09] myapp.INFO: < 200 [] []
[2015-11-07 14:19:12] myapp.INFO: Matched route "POST_login". {"route_parameters":{"_controller":"[object] (Closure: {})","_route":"POST_login"},"request_uri":"http://localhost/november/login"} []
[2015-11-07 14:19:12] myapp.INFO: > POST /november/login [] []
[2015-11-07 14:19:12] myapp.INFO: < 200 [] []
[2015-11-07 14:22:47] myapp.INFO: Matched route "GET_login". {"route_parameters":{"_controller":"[object] (Closure: {})","_route":"GET_login"},"request_uri":"http://localhost/november/login"} []
[2015-11-07 14:22:47] myapp.INFO: > GET /november/login [] []
[2015-11-07 14:22:47] myapp.INFO: < 200 [] []
[2015-11-07 14:22:50] myapp.INFO: Matched route "POST_login". {"route_parameters":{"_controller":"[object] (Closure: {})","_route":"POST_login"},"request_uri":"http://localhost/november/login"} []
[2015-11-07 14:22:50] myapp.INFO: > POST /november/login [] []
[2015-11-07 14:22:50] myapp.CRITICAL: InvalidArgumentException: The HTTP status code "1" is not valid. (uncaught exception) at /var/www/html/november/vendor/symfony/http-foundation/Response.php line 454 {"exception":"[object] (InvalidArgumentException(code: 0): The HTTP status code \"1\" is not valid. at /var/www/html/november/vendor/symfony/http-foundation/Response.php:454)"} []
[2015-11-07 14:22:50] myapp.INFO: < 500 [] []
[2015-11-07 14:33:59] myapp.INFO: Matched route "GET_login". {"route_parameters":{"_controller":"[object] (Closure: {})","_route":"GET_login"},"request_uri":"http://localhost/november/login"} []
[2015-11-07 14:33:59] myapp.INFO: > GET /november/login [] []
[2015-11-07 14:33:59] myapp.INFO: < 200 [] []
[2015-11-07 14:34:02] myapp.INFO: Matched route "POST_login". {"route_parameters":{"_controller":"[object] (Closure: {})","_route":"POST_login"},"request_uri":"http://localhost/november/login"} []
[2015-11-07 14:34:02] myapp.INFO: > POST /november/login [] []
[2015-11-07 14:34:02] myapp.INFO: < 302 index.html.twig [] []
[2015-11-07 14:34:02] myapp.ERROR: Symfony\Component\HttpKernel\Exception\NotFoundHttpException: No route found for "GET /index.html.twig" (from "http://localhost/november/login") (uncaught exception) at /var/www/html/november/vendor/symfony/http-kernel/EventListener/RouterListener.php line 159 {"exception":"[object] (Symfony\\Component\\HttpKernel\\Exception\\NotFoundHttpException(code: 0): No route found for \"GET /index.html.twig\" (from \"http://localhost/november/login\") at /var/www/html/november/vendor/symfony/http-kernel/EventListener/RouterListener.php:159, Symfony\\Component\\Routing\\Exception\\ResourceNotFoundException(code: 0): No routes found for \"/index.html.twig\". at /var/www/html/november/vendor/symfony/routing/Matcher/UrlMatcher.php:98)"} []
[2015-11-07 14:34:02] myapp.INFO: < 404 [] []
[2015-11-07 14:34:38] myapp.INFO: Matched route "GET_". {"route_parameters":{"_controller":"[object] (Closure: {})","_route":"GET_"},"request_uri":"http://localhost/november/"} []
[2015-11-07 14:34:38] myapp.INFO: > GET /november/ [] []
[2015-11-07 14:34:38] myapp.INFO: < 200 [] []
[2015-11-07 14:34:40] myapp.INFO: Matched route "GET_login". {"route_parameters":{"_controller":"[object] (Closure: {})","_route":"GET_login"},"request_uri":"http://localhost/november/login"} []
[2015-11-07 14:34:40] myapp.INFO: > GET /november/login [] []
[2015-11-07 14:34:40] myapp.INFO: < 200 [] []
[2015-11-07 14:34:43] myapp.INFO: Matched route "POST_login". {"route_parameters":{"_controller":"[object] (Closure: {})","_route":"POST_login"},"request_uri":"http://localhost/november/login"} []
[2015-11-07 14:34:43] myapp.INFO: > POST /november/login [] []
[2015-11-07 14:34:43] myapp.INFO: < 302 / [] []
[2015-11-07 14:35:01] myapp.INFO: Matched route "GET_". {"route_parameters":{"_controller":"[object] (Closure: {})","_route":"GET_"},"request_uri":"http://localhost/november/"} []
[2015-11-07 14:35:01] myapp.INFO: > GET /november/ [] []
[2015-11-07 14:35:01] myapp.INFO: < 200 [] []
[2015-11-07 14:35:02] myapp.INFO: Matched route "GET_login". {"route_parameters":{"_controller":"[object] (Closure: {})","_route":"GET_login"},"request_uri":"http://localhost/november/login"} []
[2015-11-07 14:35:02] myapp.INFO: > GET /november/login [] []
[2015-11-07 14:35:02] myapp.INFO: < 200 [] []
[2015-11-07 14:35:05] myapp.INFO: Matched route "POST_login". {"route_parameters":{"_controller":"[object] (Closure: {})","_route":"POST_login"},"request_uri":"http://localhost/november/login"} []
[2015-11-07 14:35:05] myapp.INFO: > POST /november/login [] []
[2015-11-07 14:35:05] myapp.INFO: < 302 /november/ [] []
[2015-11-07 14:35:05] myapp.INFO: Matched route "GET_". {"route_parameters":{"_controller":"[object] (Closure: {})","_route":"GET_"},"request_uri":"http://localhost/november/"} []
[2015-11-07 14:35:05] myapp.INFO: > GET /november/ [] []
[2015-11-07 14:35:05] myapp.INFO: < 200 [] []
[2015-11-07 14:39:41] myapp.INFO: Matched route "GET_". {"route_parameters":{"_controller":"[object] (Closure: {})","_route":"GET_"},"request_uri":"http://localhost/november/"} []
[2015-11-07 14:39:41] myapp.INFO: > GET /november/ [] []
[2015-11-07 14:39:41] myapp.INFO: < 200 [] []
[2015-11-07 14:39:43] myapp.INFO: Matched route "GET_login". {"route_parameters":{"_controller":"[object] (Closure: {})","_route":"GET_login"},"request_uri":"http://localhost/november/login"} []
[2015-11-07 14:39:43] myapp.INFO: > GET /november/login [] []
[2015-11-07 14:39:43] myapp.INFO: < 200 [] []
[2015-11-07 14:39:46] myapp.INFO: Matched route "POST_login". {"route_parameters":{"_controller":"[object] (Closure: {})","_route":"POST_login"},"request_uri":"http://localhost/november/login"} []
[2015-11-07 14:39:46] myapp.INFO: > POST /november/login [] []
[2015-11-07 14:39:46] myapp.INFO: < 302 /november/ [] []
[2015-11-07 14:39:47] myapp.INFO: Matched route "GET_". {"route_parameters":{"_controller":"[object] (Closure: {})","_route":"GET_"},"request_uri":"http://localhost/november/"} []
[2015-11-07 14:39:47] myapp.INFO: > GET /november/ [] []
[2015-11-07 14:39:47] myapp.INFO: < 200 [] []
[2015-11-07 14:40:16] myapp.INFO: Matched route "GET_login". {"route_parameters":{"_controller":"[object] (Closure: {})","_route":"GET_login"},"request_uri":"http://localhost/november/login"} []
[2015-11-07 14:40:16] myapp.INFO: > GET /november/login [] []
[2015-11-07 14:40:16] myapp.INFO: < 200 [] []
[2015-11-07 14:40:23] myapp.INFO: Matched route "POST_login". {"route_parameters":{"_controller":"[object] (Closure: {})","_route":"POST_login"},"request_uri":"http://localhost/november/login"} []
[2015-11-07 14:40:23] myapp.INFO: > POST /november/login [] []
[2015-11-07 14:40:23] myapp.INFO: < 302 /november/ [] []
[2015-11-07 14:40:23] myapp.INFO: Matched route "GET_". {"route_parameters":{"_controller":"[object] (Closure: {})","_route":"GET_"},"request_uri":"http://localhost/november/"} []
[2015-11-07 14:40:23] myapp.INFO: > GET /november/ [] []
[2015-11-07 14:40:23] myapp.INFO: < 200 [] []
[2015-11-07 14:40:25] myapp.INFO: Matched route "GET_login". {"route_parameters":{"_controller":"[object] (Closure: {})","_route":"GET_login"},"request_uri":"http://localhost/november/login"} []
[2015-11-07 14:40:25] myapp.INFO: > GET /november/login [] []
[2015-11-07 14:40:25] myapp.INFO: < 200 [] []
[2015-11-07 14:40:30] myapp.INFO: Matched route "POST_login". {"route_parameters":{"_controller":"[object] (Closure: {})","_route":"POST_login"},"request_uri":"http://localhost/november/login"} []
[2015-11-07 14:40:30] myapp.INFO: > POST /november/login [] []
[2015-11-07 14:40:30] myapp.INFO: < 302 /november/ [] []
[2015-11-07 14:40:31] myapp.INFO: Matched route "GET_". {"route_parameters":{"_controller":"[object] (Closure: {})","_route":"GET_"},"request_uri":"http://localhost/november/"} []
[2015-11-07 14:40:31] myapp.INFO: > GET /november/ [] []
[2015-11-07 14:40:31] myapp.INFO: < 200 [] []
[2015-11-07 14:40:54] myapp.INFO: Matched route "GET_". {"route_parameters":{"_controller":"[object] (Closure: {})","_route":"GET_"},"request_uri":"http://localhost/november/"} []
[2015-11-07 14:40:54] myapp.INFO: > GET /november/ [] []
[2015-11-07 14:40:54] myapp.INFO: < 200 [] []
[2015-11-07 14:40:56] myapp.INFO: Matched route "GET_login". {"route_parameters":{"_controller":"[object] (Closure: {})","_route":"GET_login"},"request_uri":"http://localhost/november/login"} []
[2015-11-07 14:40:56] myapp.INFO: > GET /november/login [] []
[2015-11-07 14:40:56] myapp.INFO: < 200 [] []
[2015-11-07 14:41:00] myapp.INFO: Matched route "GET_login". {"route_parameters":{"_controller":"[object] (Closure: {})","_route":"GET_login"},"request_uri":"http://localhost/november/login"} []
[2015-11-07 14:41:00] myapp.INFO: > GET /november/login [] []
[2015-11-07 14:41:00] myapp.INFO: < 200 [] []
[2015-11-07 14:41:01] myapp.INFO: Matched route "GET_login". {"route_parameters":{"_controller":"[object] (Closure: {})","_route":"GET_login"},"request_uri":"http://localhost/november/login"} []
[2015-11-07 14:41:01] myapp.INFO: > GET /november/login [] []
[2015-11-07 14:41:01] myapp.INFO: < 200 [] []
[2015-11-07 14:41:04] myapp.INFO: Matched route "POST_login". {"route_parameters":{"_controller":"[object] (Closure: {})","_route":"POST_login"},"request_uri":"http://localhost/november/login"} []
[2015-11-07 14:41:04] myapp.INFO: > POST /november/login [] []
[2015-11-07 14:41:04] myapp.INFO: < 302 /november/ [] []
[2015-11-07 14:41:04] myapp.INFO: Matched route "GET_". {"route_parameters":{"_controller":"[object] (Closure: {})","_route":"GET_"},"request_uri":"http://localhost/november/"} []
[2015-11-07 14:41:04] myapp.INFO: > GET /november/ [] []
[2015-11-07 14:41:04] myapp.INFO: < 200 [] []
[2015-11-07 14:41:07] myapp.INFO: Matched route "GET_login". {"route_parameters":{"_controller":"[object] (Closure: {})","_route":"GET_login"},"request_uri":"http://localhost/november/login"} []
[2015-11-07 14:41:07] myapp.INFO: > GET /november/login [] []
[2015-11-07 14:41:07] myapp.INFO: < 200 [] []
[2015-11-07 14:41:08] myapp.INFO: Matched route "GET_login". {"route_parameters":{"_controller":"[object] (Closure: {})","_route":"GET_login"},"request_uri":"http://localhost/november/login"} []
[2015-11-07 14:41:08] myapp.INFO: > GET /november/login [] []
[2015-11-07 14:41:08] myapp.INFO: < 200 [] []
[2015-11-07 14:41:12] myapp.INFO: Matched route "POST_login". {"route_parameters":{"_controller":"[object] (Closure: {})","_route":"POST_login"},"request_uri":"http://localhost/november/login"} []
[2015-11-07 14:41:12] myapp.INFO: > POST /november/login [] []
[2015-11-07 14:41:12] myapp.INFO: < 302 /november/login [] []
[2015-11-07 14:41:13] myapp.INFO: Matched route "GET_login". {"route_parameters":{"_controller":"[object] (Closure: {})","_route":"GET_login"},"request_uri":"http://localhost/november/login"} []
[2015-11-07 14:41:13] myapp.INFO: > GET /november/login [] []
[2015-11-07 14:41:13] myapp.INFO: < 200 [] []
[2015-11-07 14:46:15] myapp.INFO: Matched route "GET_". {"route_parameters":{"_controller":"[object] (Closure: {})","_route":"GET_"},"request_uri":"http://localhost/november/"} []
[2015-11-07 14:46:15] myapp.INFO: > GET /november/ [] []
[2015-11-07 14:46:15] myapp.CRITICAL: Symfony\Component\Debug\Exception\ContextErrorException: Notice: Undefined variable: app (uncaught exception) at /var/www/html/november/index.php line 9 {"exception":"[object] (Symfony\\Component\\Debug\\Exception\\ContextErrorException(code: 0): Notice: Undefined variable: app at /var/www/html/november/index.php:9)"} []
[2015-11-07 14:46:15] myapp.INFO: < 500 [] []
[2015-11-07 14:47:49] myapp.INFO: Matched route "GET_". {"route_parameters":{"_controller":"[object] (Closure: {})","_route":"GET_"},"request_uri":"http://localhost/november/"} []
[2015-11-07 14:47:49] myapp.INFO: > GET /november/ [] []
[2015-11-07 14:47:49] myapp.CRITICAL: Twig_Error_Runtime: Variable "title" does not exist in "index.html.twig" at line 3 (uncaught exception) at /var/www/html/november/vendor/twig/twig/lib/Twig/Template.php line 436 {"exception":"[object] (Twig_Error_Runtime(code: 0): Variable \"title\" does not exist in \"index.html.twig\" at line 3 at /var/www/html/november/vendor/twig/twig/lib/Twig/Template.php:436)"} []
[2015-11-07 14:47:49] myapp.INFO: < 500 [] []
[2015-11-07 14:48:17] myapp.INFO: Matched route "GET_". {"route_parameters":{"_controller":"[object] (Closure: {})","_route":"GET_"},"request_uri":"http://localhost/november/"} []
[2015-11-07 14:48:17] myapp.INFO: > GET /november/ [] []
[2015-11-07 14:48:17] myapp.CRITICAL: Twig_Error_Runtime: Variable "title" does not exist in "index.html.twig" at line 4 (uncaught exception) at /var/www/html/november/vendor/twig/twig/lib/Twig/Template.php line 436 {"exception":"[object] (Twig_Error_Runtime(code: 0): Variable \"title\" does not exist in \"index.html.twig\" at line 4 at /var/www/html/november/vendor/twig/twig/lib/Twig/Template.php:436)"} []
[2015-11-07 14:48:17] myapp.INFO: < 500 [] []
[2015-11-07 14:48:32] myapp.INFO: Matched route "GET_". {"route_parameters":{"_controller":"[object] (Closure: {})","_route":"GET_"},"request_uri":"http://localhost/november/"} []
[2015-11-07 14:48:32] myapp.INFO: > GET /november/ [] []
[2015-11-07 14:48:33] myapp.INFO: < 200 [] []
[2015-11-07 14:50:59] myapp.INFO: Matched route "GET_". {"route_parameters":{"_controller":"[object] (Closure: {})","_route":"GET_"},"request_uri":"http://localhost/november/"} []
[2015-11-07 14:50:59] myapp.INFO: > GET /november/ [] []
[2015-11-07 14:50:59] myapp.INFO: < 200 [] []
[2015-11-07 14:51:02] myapp.INFO: Matched route "GET_login". {"route_parameters":{"_controller":"[object] (Closure: {})","_route":"GET_login"},"request_uri":"http://localhost/november/login"} []
[2015-11-07 14:51:02] myapp.INFO: > GET /november/login [] []
[2015-11-07 14:51:02] myapp.INFO: < 200 [] []
[2015-11-07 14:51:05] myapp.INFO: Matched route "GET_login". {"route_parameters":{"_controller":"[object] (Closure: {})","_route":"GET_login"},"request_uri":"http://localhost/november/login"} []
[2015-11-07 14:51:05] myapp.INFO: > GET /november/login [] []
[2015-11-07 14:51:05] myapp.INFO: < 200 [] []
[2015-11-07 14:51:07] myapp.INFO: Matched route "POST_login". {"route_parameters":{"_controller":"[object] (Closure: {})","_route":"POST_login"},"request_uri":"http://localhost/november/login"} []
[2015-11-07 14:51:07] myapp.INFO: > POST /november/login [] []
[2015-11-07 14:51:07] myapp.INFO: < 302 /november/login [] []
[2015-11-07 14:51:07] myapp.INFO: Matched route "GET_login". {"route_parameters":{"_controller":"[object] (Closure: {})","_route":"GET_login"},"request_uri":"http://localhost/november/login"} []
[2015-11-07 14:51:07] myapp.INFO: > GET /november/login [] []
[2015-11-07 14:51:07] myapp.INFO: < 200 [] []
[2015-11-07 14:51:13] myapp.INFO: Matched route "POST_login". {"route_parameters":{"_controller":"[object] (Closure: {})","_route":"POST_login"},"request_uri":"http://localhost/november/login"} []
[2015-11-07 14:51:13] myapp.INFO: > POST /november/login [] []
[2015-11-07 14:51:14] myapp.INFO: < 302 /november/ [] []
[2015-11-07 14:51:14] myapp.INFO: Matched route "GET_". {"route_parameters":{"_controller":"[object] (Closure: {})","_route":"GET_"},"request_uri":"http://localhost/november/"} []
[2015-11-07 14:51:14] myapp.INFO: > GET /november/ [] []
[2015-11-07 14:51:14] myapp.INFO: < 200 [] []
[2015-11-07 14:52:17] myapp.INFO: Matched route "GET_post_create". {"route_parameters":{"_controller":"[object] (Closure: {})","_route":"GET_post_create"},"request_uri":"http://localhost/november/post/create"} []
[2015-11-07 14:52:17] myapp.INFO: > GET /november/post/create [] []
[2015-11-07 14:52:17] myapp.INFO: < 200 [] []
[2015-11-07 14:52:27] myapp.INFO: Matched route "POST_post_create_cgi". {"route_parameters":{"_controller":"[object] (Closure: {})","_route":"POST_post_create_cgi"},"request_uri":"http://localhost/november/post/create_cgi"} []
[2015-11-07 14:52:27] myapp.INFO: > POST /november/post/create_cgi [] []
[2015-11-07 14:52:27] myapp.INFO: < 302 /november/ [] []
[2015-11-07 14:52:27] myapp.INFO: Matched route "GET_". {"route_parameters":{"_controller":"[object] (Closure: {})","_route":"GET_"},"request_uri":"http://localhost/november/"} []
[2015-11-07 14:52:27] myapp.INFO: > GET /november/ [] []
[2015-11-07 14:52:27] myapp.INFO: < 200 [] []
[2015-11-07 15:00:24] myapp.INFO: Matched route "GET_". {"route_parameters":{"_controller":"[object] (Closure: {})","_route":"GET_"},"request_uri":"http://localhost/november/"} []
[2015-11-07 15:00:24] myapp.INFO: > GET /november/ [] []
[2015-11-07 15:00:24] myapp.INFO: < 200 [] []
[2015-11-07 15:00:47] myapp.INFO: Matched route "GET_". {"route_parameters":{"_controller":"[object] (Closure: {})","_route":"GET_"},"request_uri":"http://localhost/november/"} []
[2015-11-07 15:00:47] myapp.INFO: > GET /november/ [] []
[2015-11-07 15:00:47] myapp.INFO: < 200 [] []
[2015-11-07 15:00:49] myapp.ERROR: Symfony\Component\HttpKernel\Exception\NotFoundHttpException: No route found for "GET /posts" (uncaught exception) at /var/www/html/november/vendor/symfony/http-kernel/EventListener/RouterListener.php line 159 {"exception":"[object] (Symfony\\Component\\HttpKernel\\Exception\\NotFoundHttpException(code: 0): No route found for \"GET /posts\" at /var/www/html/november/vendor/symfony/http-kernel/EventListener/RouterListener.php:159, Symfony\\Component\\Routing\\Exception\\ResourceNotFoundException(code: 0): No routes found for \"/posts\". at /var/www/html/november/vendor/symfony/routing/Matcher/UrlMatcher.php:98)"} []
[2015-11-07 15:00:49] myapp.INFO: < 404 [] []
[2015-11-07 15:00:52] myapp.INFO: Matched route "GET_posts_create". {"route_parameters":{"_controller":"[object] (Closure: {})","_route":"GET_posts_create"},"request_uri":"http://localhost/november/posts/create"} []
[2015-11-07 15:00:52] myapp.INFO: > GET /november/posts/create [] []
[2015-11-07 15:00:52] myapp.INFO: < 200 [] []
[2015-11-07 15:01:06] myapp.ERROR: Symfony\Component\HttpKernel\Exception\NotFoundHttpException: No route found for "POST /posts/create_cgi" (from "http://localhost/november/posts/create") (uncaught exception) at /var/www/html/november/vendor/symfony/http-kernel/EventListener/RouterListener.php line 159 {"exception":"[object] (Symfony\\Component\\HttpKernel\\Exception\\NotFoundHttpException(code: 0): No route found for \"POST /posts/create_cgi\" (from \"http://localhost/november/posts/create\") at /var/www/html/november/vendor/symfony/http-kernel/EventListener/RouterListener.php:159, Symfony\\Component\\Routing\\Exception\\ResourceNotFoundException(code: 0): No routes found for \"/posts/create_cgi\". at /var/www/html/november/vendor/symfony/routing/Matcher/UrlMatcher.php:98)"} []
[2015-11-07 15:01:06] myapp.INFO: < 404 [] []
[2015-11-07 15:06:54] myapp.INFO: Matched route "GET_posts_create". {"route_parameters":{"_controller":"[object] (Closure: {})","_route":"GET_posts_create"},"request_uri":"http://localhost/november/posts/create"} []
[2015-11-07 15:06:54] myapp.INFO: > GET /november/posts/create [] []
[2015-11-07 15:06:54] myapp.INFO: < 200 [] []
[2015-11-07 15:07:12] myapp.INFO: Matched route "POST_posts_create_cgi". {"route_parameters":{"_controller":"[object] (Closure: {})","_route":"POST_posts_create_cgi"},"request_uri":"http://localhost/november/posts/create_cgi"} []
[2015-11-07 15:07:12] myapp.INFO: > POST /november/posts/create_cgi [] []
[2015-11-07 15:07:12] myapp.CRITICAL: ReflectionException: Class Request does not exist (uncaught exception) at /var/www/html/november/vendor/silex/silex/src/Silex/ControllerResolver.php line 43 {"exception":"[object] (ReflectionException(code: 0): Class Request does not exist at /var/www/html/november/vendor/silex/silex/src/Silex/ControllerResolver.php:43)"} []
[2015-11-07 15:07:12] myapp.INFO: < 500 [] []
[2015-11-07 15:07:47] myapp.ERROR: Symfony\Component\HttpKernel\Exception\NotFoundHttpException: No route found for "GET /posts/" (uncaught exception) at /var/www/html/november/vendor/symfony/http-kernel/EventListener/RouterListener.php line 159 {"exception":"[object] (Symfony\\Component\\HttpKernel\\Exception\\NotFoundHttpException(code: 0): No route found for \"GET /posts/\" at /var/www/html/november/vendor/symfony/http-kernel/EventListener/RouterListener.php:159, Symfony\\Component\\Routing\\Exception\\ResourceNotFoundException(code: 0): No routes found for \"/posts/\". at /var/www/html/november/vendor/symfony/routing/Matcher/UrlMatcher.php:98)"} []
[2015-11-07 15:07:47] myapp.INFO: < 404 [] []
[2015-11-07 15:07:50] myapp.ERROR: Symfony\Component\HttpKernel\Exception\NotFoundHttpException: No route found for "GET /posts/" (uncaught exception) at /var/www/html/november/vendor/symfony/http-kernel/EventListener/RouterListener.php line 159 {"exception":"[object] (Symfony\\Component\\HttpKernel\\Exception\\NotFoundHttpException(code: 0): No route found for \"GET /posts/\" at /var/www/html/november/vendor/symfony/http-kernel/EventListener/RouterListener.php:159, Symfony\\Component\\Routing\\Exception\\ResourceNotFoundException(code: 0): No routes found for \"/posts/\". at /var/www/html/november/vendor/symfony/routing/Matcher/UrlMatcher.php:98)"} []
[2015-11-07 15:07:50] myapp.INFO: < 404 [] []
[2015-11-07 15:07:52] myapp.ERROR: Symfony\Component\HttpKernel\Exception\NotFoundHttpException: No route found for "GET /posts/" (uncaught exception) at /var/www/html/november/vendor/symfony/http-kernel/EventListener/RouterListener.php line 159 {"exception":"[object] (Symfony\\Component\\HttpKernel\\Exception\\NotFoundHttpException(code: 0): No route found for \"GET /posts/\" at /var/www/html/november/vendor/symfony/http-kernel/EventListener/RouterListener.php:159, Symfony\\Component\\Routing\\Exception\\ResourceNotFoundException(code: 0): No routes found for \"/posts/\". at /var/www/html/november/vendor/symfony/routing/Matcher/UrlMatcher.php:98)"} []
[2015-11-07 15:07:52] myapp.INFO: < 404 [] []
[2015-11-07 15:07:54] myapp.INFO: Matched route "GET_posts_create". {"route_parameters":{"_controller":"[object] (Closure: {})","_route":"GET_posts_create"},"request_uri":"http://localhost/november/posts/create"} []
[2015-11-07 15:07:54] myapp.INFO: > GET /november/posts/create [] []
[2015-11-07 15:07:54] myapp.INFO: < 200 [] []
[2015-11-07 15:08:08] myapp.INFO: Matched route "POST_posts_create_cgi". {"route_parameters":{"_controller":"[object] (Closure: {})","_route":"POST_posts_create_cgi"},"request_uri":"http://localhost/november/posts/create_cgi"} []
[2015-11-07 15:08:08] myapp.INFO: > POST /november/posts/create_cgi [] []
[2015-11-07 15:08:08] myapp.INFO: < 302 /november/ [] []
[2015-11-07 15:08:08] myapp.INFO: Matched route "GET_". {"route_parameters":{"_controller":"[object] (Closure: {})","_route":"GET_"},"request_uri":"http://localhost/november/"} []
[2015-11-07 15:08:08] myapp.INFO: > GET /november/ [] []
[2015-11-07 15:08:08] myapp.INFO: < 200 [] []
